[    0.000000] Initializing cgroup subsys cpuset
[    0.000000] Initializing cgroup subsys cpu
[    0.000000] Initializing cgroup subsys cpuacct
[    0.000000] Linux version 4.4.0-127-generic (buildd@lcy01-amd64-023) (gcc version 5.4.0 20160609 (Ubuntu 5.4.0-6ubuntu1~16.04.9) ) #153-Ubuntu SMP Sat May 19 10:58:46 UTC 2018 (Ubuntu 4.4.0-127.153-generic 4.4.128)
[    0.000000] Command line: BOOT_IMAGE=/boot/vmlinuz-4.4.0-127-generic root=LABEL=cloudimg-rootfs ro console=tty1 console=ttyS0
[    0.000000] KERNEL supported cpus:
[    0.000000]   Intel GenuineIntel
[    0.000000]   AMD AuthenticAMD
[    0.000000]   Centaur CentaurHauls
[    0.000000] x86/fpu: Legacy x87 FPU detected.
[    0.000000] x86/fpu: Using 'lazy' FPU context switches.
[    0.000000] e820: BIOS-provided physical RAM map:
[    0.000000] BIOS-e820: [mem 0x0000000000000000-0x000000000009fbff] usable
[    0.000000] BIOS-e820: [mem 0x000000000009fc00-0x000000000009ffff] reserved
[    0.000000] BIOS-e820: [mem 0x00000000000f0000-0x00000000000fffff] reserved
[    0.000000] BIOS-e820: [mem 0x0000000000100000-0x000000003ffeffff] usable
[    0.000000] BIOS-e820: [mem 0x000000003fff0000-0x000000003fffffff] ACPI data
[    0.000000] BIOS-e820: [mem 0x00000000fec00000-0x00000000fec00fff] reserved
[    0.000000] BIOS-e820: [mem 0x00000000fee00000-0x00000000fee00fff] reserved
[    0.000000] BIOS-e820: [mem 0x00000000fffc0000-0x00000000ffffffff] reserved
[    0.000000] NX (Execute Disable) protection: active
[    0.000000] SMBIOS 2.5 present.
[    0.000000] Hypervisor detected: KVM
[    0.000000] e820: last_pfn = 0x3fff0 max_arch_pfn = 0x400000000
[    0.000000] MTRR: Disabled
[    0.000000] x86/PAT: MTRRs disabled, skipping PAT initialization too.
[    0.000000] CPU MTRRs all blank - virtualized system.
[    0.000000] x86/PAT: Configuration [0-7]: WB  WT  UC- UC  WB  WT  UC- UC  
[    0.000000] found SMP MP-table at [mem 0x0009fff0-0x0009ffff] mapped at [ffff88000009fff0]
[    0.000000] Scanning 1 areas for low memory corruption
[    0.000000] RAMDISK: [mem 0x36aa6000-0x3754afff]
[    0.000000] ACPI: Early table checksum verification disabled
[    0.000000] ACPI: RSDP 0x00000000000E0000 000024 (v02 VBOX  )
[    0.000000] ACPI: XSDT 0x000000003FFF0030 00003C (v01 VBOX   VBOXXSDT 00000001 ASL  00000061)
[    0.000000] ACPI: FACP 0x000000003FFF00F0 0000F4 (v04 VBOX   VBOXFACP 00000001 ASL  00000061)
[    0.000000] ACPI: DSDT 0x000000003FFF0470 0021FF (v02 VBOX   VBOXBIOS 00000002 INTL 20160108)
[    0.000000] ACPI: FACS 0x000000003FFF0200 000040
[    0.000000] ACPI: FACS 0x000000003FFF0200 000040
[    0.000000] ACPI: APIC 0x000000003FFF0240 00005C (v02 VBOX   VBOXAPIC 00000001 ASL  00000061)
[    0.000000] ACPI: SSDT 0x000000003FFF02A0 0001CC (v01 VBOX   VBOXCPUT 00000002 INTL 20160108)
[    0.000000] No NUMA configuration found
[    0.000000] Faking a node at [mem 0x0000000000000000-0x000000003ffeffff]
[    0.000000] NODE_DATA(0) allocated [mem 0x3ffeb000-0x3ffeffff]
[    0.000000] kvm-clock: Using msrs 4b564d01 and 4b564d00
[    0.000000] kvm-clock: cpu 0, msr 0:3ffe3001, primary cpu clock
[    0.000000] kvm-clock: using sched offset of 5035700480 cycles
[    0.000000] clocksource: kvm-clock: mask: 0xffffffffffffffff max_cycles: 0x1cd42e4dffb, max_idle_ns: 881590591483 ns
[    0.000000] Zone ranges:
[    0.000000]   DMA      [mem 0x0000000000001000-0x0000000000ffffff]
[    0.000000]   DMA32    [mem 0x0000000001000000-0x000000003ffeffff]
[    0.000000]   Normal   empty
[    0.000000]   Device   empty
[    0.000000] Movable zone start for each node
[    0.000000] Early memory node ranges
[    0.000000]   node   0: [mem 0x0000000000001000-0x000000000009efff]
[    0.000000]   node   0: [mem 0x0000000000100000-0x000000003ffeffff]
[    0.000000] Initmem setup node 0 [mem 0x0000000000001000-0x000000003ffeffff]
[    0.000000] ACPI: PM-Timer IO Port: 0x4008
[    0.000000] IOAPIC[0]: apic_id 2, version 32, address 0xfec00000, GSI 0-23
[    0.000000] ACPI: INT_SRC_OVR (bus 0 bus_irq 0 global_irq 2 dfl dfl)
[    0.000000] ACPI: INT_SRC_OVR (bus 0 bus_irq 9 global_irq 9 high level)
[    0.000000] Using ACPI (MADT) for SMP configuration information
[    0.000000] smpboot: Allowing 2 CPUs, 0 hotplug CPUs
[    0.000000] PM: Registered nosave memory: [mem 0x00000000-0x00000fff]
[    0.000000] PM: Registered nosave memory: [mem 0x0009f000-0x0009ffff]
[    0.000000] PM: Registered nosave memory: [mem 0x000a0000-0x000effff]
[    0.000000] PM: Registered nosave memory: [mem 0x000f0000-0x000fffff]
[    0.000000] e820: [mem 0x40000000-0xfebfffff] available for PCI devices
[    0.000000] Booting paravirtualized kernel on KVM
[    0.000000] clocksource: refined-jiffies: mask: 0xffffffff max_cycles: 0xffffffff, max_idle_ns: 7645519600211568 ns
[    0.000000] setup_percpu: NR_CPUS:512 nr_cpumask_bits:512 nr_cpu_ids:2 nr_node_ids:1
[    0.000000] PERCPU: Embedded 34 pages/cpu @ffff88003fc00000 s99544 r8192 d31528 u1048576
[    0.000000] PV qspinlock hash table entries: 256 (order: 0, 4096 bytes)
[    0.000000] Built 1 zonelists in Node order, mobility grouping on.  Total pages: 257912
[    0.000000] Policy zone: DMA32
[    0.000000] Kernel command line: BOOT_IMAGE=/boot/vmlinuz-4.4.0-127-generic root=LABEL=cloudimg-rootfs ro console=tty1 console=ttyS0
[    0.000000] PID hash table entries: 4096 (order: 3, 32768 bytes)
[    0.000000] Memory: 1001620K/1048120K available (8537K kernel code, 1313K rwdata, 4000K rodata, 1512K init, 1316K bss, 46500K reserved, 0K cma-reserved)
[    0.000000] SLUB: HWalign=64, Order=0-3, MinObjects=0, CPUs=2, Nodes=1
[    0.000000] Kernel/User page tables isolation: enabled
[    0.000000] Hierarchical RCU implementation.
[    0.000000] 	Build-time adjustment of leaf fanout to 64.
[    0.000000] 	RCU restricting CPUs from NR_CPUS=512 to nr_cpu_ids=2.
[    0.000000] RCU: Adjusting geometry for rcu_fanout_leaf=64, nr_cpu_ids=2
[    0.000000] NR_IRQS:33024 nr_irqs:440 16
[    0.000000] Console: colour VGA+ 80x25
[    0.000000] console [tty1] enabled
[    0.000000] console [ttyS0] enabled
[    0.000000] tsc: Detected 2992.502 MHz processor
[    0.748843] Calibrating delay loop (skipped) preset value.. 5985.00 BogoMIPS (lpj=11970008)
[    0.754490] pid_max: default: 32768 minimum: 301
[    0.762133] ACPI: Core revision 20150930
[    0.766494] ACPI: 2 ACPI AML tables successfully acquired and loaded
[    0.770798] Security Framework initialized
[    0.773648] Yama: becoming mindful.
[    0.781669] AppArmor: AppArmor initialized
[    0.792746] Dentry cache hash table entries: 131072 (order: 8, 1048576 bytes)
[    0.803850] Inode-cache hash table entries: 65536 (order: 7, 524288 bytes)
[    0.814814] Mount-cache hash table entries: 2048 (order: 2, 16384 bytes)
[    0.819769] Mountpoint-cache hash table entries: 2048 (order: 2, 16384 bytes)
[    0.825033] Initializing cgroup subsys io
[    0.827823] Initializing cgroup subsys memory
[    0.830785] Initializing cgroup subsys devices
[    0.840682] Initializing cgroup subsys freezer
[    0.845190] Initializing cgroup subsys net_cls
[    0.849202] Initializing cgroup subsys perf_event
[    0.853482] Initializing cgroup subsys net_prio
[    0.861752] Initializing cgroup subsys hugetlb
[    0.864678] Initializing cgroup subsys pids
[    0.883627] CPU: Physical Processor ID: 0
[    0.896476] CPU: Processor Core ID: 0
[    0.901911] mce: CPU supports 0 MCE banks
[    0.906356] Last level iTLB entries: 4KB 128, 2MB 4, 4MB 4
[    0.927019] Last level dTLB entries: 4KB 256, 2MB 0, 4MB 32, 1GB 0
[    0.987826] Spectre V2 : Mitigation: Full generic retpoline
[    1.002807] Spectre V2 : Speculation control IBPB not-supported IBRS not-supported
[    1.006942] Speculative Store Bypass: Vulnerable
[    1.025889] Freeing SMP alternatives memory: 32K
[    1.078358] ftrace: allocating 32237 entries in 126 pages
[    1.300154] smpboot: APIC(0) Converting physical 0 to logical package 0
[    1.309280] smpboot: Max logical packages: 1
[    1.313261] x2apic enabled
[    1.316509] Switched APIC routing to physical x2apic.
[    1.324413] ..TIMER: vector=0x30 apic1=0 pin1=2 apic2=-1 pin2=-1
[    1.463029] smpboot: CPU0: Intel Pentium(R) Dual-Core  CPU      E5700  @ 3.00GHz (family: 0x6, model: 0x17, stepping: 0xa)
[    1.474374] Performance Events: unsupported p6 CPU model 23 no PMU driver, software events only.
[    1.491539] KVM setup paravirtual spinlock
[    1.496667] x86: Booting SMP configuration:
[    1.500732] .... node  #0, CPUs:      #1
[    1.503532] kvm-clock: cpu 1, msr 0:3ffe3041, secondary cpu clock
[    1.516933] mce: CPU supports 0 MCE banks
[    1.520749] x86: Booted up 1 node, 2 CPUs
[    1.524431] smpboot: Total of 2 processors activated (11970.00 BogoMIPS)
[    1.535765] devtmpfs: initialized
[    1.544326] evm: security.selinux
[    1.546754] evm: security.SMACK64
[    1.549198] evm: security.SMACK64EXEC
[    1.551801] evm: security.SMACK64TRANSMUTE
[    1.554538] evm: security.SMACK64MMAP
[    1.557167] evm: security.ima
[    1.565768] evm: security.capability
[    1.573010] clocksource: jiffies: mask: 0xffffffff max_cycles: 0xffffffff, max_idle_ns: 7645041785100000 ns
[    1.589500] futex hash table entries: 512 (order: 3, 32768 bytes)
[    1.596106] pinctrl core: initialized pinctrl subsystem
[    1.599661] RTC time:  6:43:15, date: 06/01/18
[    1.608546] NET: Registered protocol family 16
[    1.622844] cpuidle: using governor ladder
[    1.643053] cpuidle: using governor menu
[    1.666630] PCCT header not found.
[    1.674554] ACPI: bus type PCI registered
[    1.682592] acpiphp: ACPI Hot Plug PCI Controller Driver version: 0.5
[    1.702239] PCI: Using configuration type 1 for base access
[    1.716576] ACPI: Added _OSI(Module Device)
[    1.740441] ACPI: Added _OSI(Processor Device)
[    1.743331] ACPI: Added _OSI(3.0 _SCP Extensions)
[    1.753450] ACPI: Added _OSI(Processor Aggregator Device)
[    1.764285] ACPI: Executed 1 blocks of module-level executable AML code
[    1.786157] ACPI: Interpreter enabled
[    1.792364] ACPI: (supports S0 S5)
[    1.800113] ACPI: Using IOAPIC for interrupt routing
[    1.813997] PCI: Using host bridge windows from ACPI; if necessary, use "pci=nocrs" and report a bug
[    1.851003] ACPI: PCI Root Bridge [PCI0] (domain 0000 [bus 00-ff])
[    1.862334] acpi PNP0A03:00: _OSC: OS supports [ASPM ClockPM Segments MSI]
[    1.866248] acpi PNP0A03:00: _OSC: not requesting OS control; OS requires [ExtendedConfig ASPM ClockPM MSI]
[    1.872092] acpi PNP0A03:00: fail to add MMCONFIG information, can't access extended PCI configuration space under this bridge.
[    1.918692] PCI host bridge to bus 0000:00
[    1.931932] pci_bus 0000:00: root bus resource [io  0x0000-0x0cf7 window]
[    1.941065] pci_bus 0000:00: root bus resource [io  0x0d00-0xffff window]
[    1.950202] pci_bus 0000:00: root bus resource [mem 0x000a0000-0x000bffff window]
[    1.973872] pci_bus 0000:00: root bus resource [mem 0x40000000-0xffdfffff window]
[    1.994621] pci_bus 0000:00: root bus resource [bus 00-ff]
[    2.076913] pci 0000:00:01.1: legacy IDE quirk: reg 0x10: [io  0x01f0-0x01f7]
[    2.092724] pci 0000:00:01.1: legacy IDE quirk: reg 0x14: [io  0x03f6]
[    2.101747] pci 0000:00:01.1: legacy IDE quirk: reg 0x18: [io  0x0170-0x0177]
[    2.133583] pci 0000:00:01.1: legacy IDE quirk: reg 0x1c: [io  0x0376]
[    2.237308] pci 0000:00:07.0: quirk: [io  0x4000-0x403f] claimed by PIIX4 ACPI
[    2.249184] pci 0000:00:07.0: quirk: [io  0x4100-0x410f] claimed by PIIX4 SMB
[    2.282643] ACPI: PCI Interrupt Link [LNKA] (IRQs 5 9 10 *11)
[    2.295220] ACPI: PCI Interrupt Link [LNKB] (IRQs 5 9 10 *11)
[    2.344997] ACPI: PCI Interrupt Link [LNKC] (IRQs 5 9 *10 11)
[    2.351382] ACPI: PCI Interrupt Link [LNKD] (IRQs 5 *9 10 11)
[    2.366883] ACPI: Enabled 2 GPEs in block 00 to 07
[    2.373729] vgaarb: setting as boot device: PCI:0000:00:02.0
[    2.383722] vgaarb: device added: PCI:0000:00:02.0,decodes=io+mem,owns=io+mem,locks=none
[    2.395442] vgaarb: loaded
[    2.398757] vgaarb: bridge control possible 0000:00:02.0
[    2.403157] SCSI subsystem initialized
[    2.406771] ACPI: bus type USB registered
[    2.416858] usbcore: registered new interface driver usbfs
[    2.431889] usbcore: registered new interface driver hub
[    2.440423] usbcore: registered new device driver usb
[    2.446116] PCI: Using ACPI for IRQ routing
[    2.450340] NetLabel: Initializing
[    2.452859] NetLabel:  domain hash size = 128
[    2.455750] NetLabel:  protocols = UNLABELED CIPSOv4
[    2.461317] NetLabel:  unlabeled traffic allowed by default
[    2.478746] amd_nb: Cannot enumerate AMD northbridges
[    2.490814] clocksource: Switched to clocksource kvm-clock
[    2.514996] AppArmor: AppArmor Filesystem Enabled
[    2.523477] pnp: PnP ACPI init
[    2.527527] pnp: PnP ACPI: found 3 devices
[    2.547455] clocksource: acpi_pm: mask: 0xffffff max_cycles: 0xffffff, max_idle_ns: 2085701024 ns
[    2.564761] NET: Registered protocol family 2
[    2.568999] TCP established hash table entries: 8192 (order: 4, 65536 bytes)
[    2.573394] TCP bind hash table entries: 8192 (order: 5, 131072 bytes)
[    2.577589] TCP: Hash tables configured (established 8192 bind 8192)
[    2.591018] UDP hash table entries: 512 (order: 2, 16384 bytes)
[    2.594902] UDP-Lite hash table entries: 512 (order: 2, 16384 bytes)
[    2.604484] NET: Registered protocol family 1
[    2.607661] pci 0000:00:00.0: Limiting direct PCI/PCI transfers
[    2.631576] pci 0000:00:01.0: Activating ISA DMA hang workarounds
[    2.646628] Unpacking initramfs...
[    5.235728] Freeing initrd memory: 10900K
[    5.272945] platform rtc_cmos: registered platform RTC device (no PNP device found)
[    5.313513] Scanning for low memory corruption every 60 seconds
[    5.384302] audit: initializing netlink subsys (disabled)
[    5.389189] audit: type=2000 audit(1527835404.030:1): initialized
[    5.395050] Initialise system trusted keyring
[    5.399149] HugeTLB registered 2 MB page size, pre-allocated 0 pages
[    5.418563] zbud: loaded
[    5.446578] VFS: Disk quotas dquot_6.6.0
[    5.450758] VFS: Dquot-cache hash table entries: 512 (order 0, 4096 bytes)
[    5.459111] squashfs: version 4.0 (2009/01/31) Phillip Lougher
[    5.467981] fuse init (API version 7.23)
[    5.472606] Key type big_key registered
[    5.489087] Allocating IMA MOK and blacklist keyrings.
[    5.506978] Key type asymmetric registered
[    5.511008] Asymmetric key parser 'x509' registered
[    5.516240] Block layer SCSI generic (bsg) driver version 0.4 loaded (major 249)
[    5.544015] io scheduler noop registered
[    5.549696] io scheduler deadline registered (default)
[    5.555479] io scheduler cfq registered
[    5.559675] pci_hotplug: PCI Hot Plug PCI Core version: 0.5
[    5.565325] pciehp: PCI Express Hot Plug Controller Driver version: 0.4
[    5.571958] ACPI: AC Adapter [AC] (on-line)
[    5.576684] input: Power Button as /devices/LNXSYSTM:00/LNXPWRBN:00/input/input0
[    5.584816] ACPI: Power Button [PWRF]
[    5.589792] input: Sleep Button as /devices/LNXSYSTM:00/LNXSLPBN:00/input/input1
[    5.597372] ACPI: Sleep Button [SLPF]
[    5.604047] GHES: HEST is not enabled!
[    5.607959] Serial: 8250/16550 driver, 32 ports, IRQ sharing enabled
[    5.641827] 00:02: ttyS0 at I/O 0x3f8 (irq = 4, base_baud = 115200) is a 16550A
[    5.654750] Linux agpgart interface v0.103
[    5.677357] loop: module loaded
[    5.685599] scsi host0: ata_piix
[    5.691718] scsi host1: ata_piix
[    5.695655] ata1: PATA max UDMA/33 cmd 0x1f0 ctl 0x3f6 bmdma 0xd000 irq 14
[    5.701679] ata2: PATA max UDMA/33 cmd 0x170 ctl 0x376 bmdma 0xd008 irq 15
[    5.711255] libphy: Fixed MDIO Bus: probed
[    5.715667] tun: Universal TUN/TAP device driver, 1.6
[    5.720153] tun: (C) 1999-2004 Max Krasnyansky <maxk@qualcomm.com>
[    5.726356] PPP generic driver version 2.4.2
[    5.731510] ehci_hcd: USB 2.0 'Enhanced' Host Controller (EHCI) Driver
[    5.737992] ehci-pci: EHCI PCI platform driver
[    5.742884] ehci-platform: EHCI generic platform driver
[    5.748912] ohci_hcd: USB 1.1 'Open' Host Controller (OHCI) Driver
[    5.764944] ohci-pci: OHCI PCI platform driver
[    5.777483] ohci-platform: OHCI generic platform driver
[    5.787013] uhci_hcd: USB Universal Host Controller Interface driver
[    5.793230] i8042: PNP: PS/2 Controller [PNP0303:PS2K,PNP0f03:PS2M] at 0x60,0x64 irq 1,12
[    5.811535] serio: i8042 KBD port at 0x60,0x64 irq 1
[    5.835200] serio: i8042 AUX port at 0x60,0x64 irq 12
[    5.839171] mousedev: PS/2 mouse device common for all mice
[    5.853476] rtc_cmos rtc_cmos: rtc core: registered rtc_cmos as rtc0
[    5.910777] input: AT Translated Set 2 keyboard as /devices/platform/i8042/serio0/input/input2
[    5.939728] rtc_cmos rtc_cmos: alarms up to one day, 114 bytes nvram
[    5.956953] i2c /dev entries driver
[    5.982017] device-mapper: uevent: version 1.0.3
[    6.009640] device-mapper: ioctl: 4.34.0-ioctl (2015-10-28) initialised: dm-devel@redhat.com
[    6.023229] ledtrig-cpu: registered to indicate activity on CPUs
[    6.029713] NET: Registered protocol family 10
[    6.036441] NET: Registered protocol family 17
[    6.047506] Key type dns_resolver registered
[    6.068599] registered taskstats version 1
[    6.079710] Loading compiled-in X.509 certificates
[    6.095078] Loaded X.509 cert 'Build time autogenerated kernel key: 9f6f572a3ee0cb468eb8db4aa61815bc74ef6adb'
[    6.120983] zswap: loaded using pool lzo/zbud
[    6.159888] Key type trusted registered
[    6.276287] Key type encrypted registered
[    6.292030] AppArmor: AppArmor sha1 policy hashing enabled
[    6.319277] ima: No TPM chip found, activating TPM-bypass!
[    6.326954] evm: HMAC attrs: 0x1
[    6.419387]   Magic number: 6:392:720
[    6.426575] block loop0: hash matches
[    6.430543] rtc_cmos rtc_cmos: setting system clock to 2018-06-01 06:43:20 UTC (1527835400)
[    6.462842] BIOS EDD facility v0.16 2004-Jun-25, 0 devices found
[    6.476981] EDD information not available.
[    6.535986] Freeing unused kernel memory: 1512K
[    6.558670] Write protecting the kernel read-only data: 14336k
[    6.590867] Freeing unused kernel memory: 1692K
[    6.622173] Freeing unused kernel memory: 96K
Loading, please wait...
starting version[    7.229817] random: systemd-udevd: uninitialized urandom read (16 bytes read, 4 bits of entropy available)
 229
[    7.287252] random: udevadm: uninitialized urandom read (16 bytes read, 4 bits of entropy available)
[    7.287552] random: udevadm: uninitialized urandom read (16 bytes read, 4 bits of entropy available)
[    7.397618] random: systemd-udevd: uninitialized urandom read (16 bytes read, 4 bits of entropy available)
[    7.412839] random: systemd-udevd: uninitialized urandom read (16 bytes read, 4 bits of entropy available)
[    7.427129] random: systemd-udevd: uninitialized urandom read (16 bytes read, 4 bits of entropy available)
[    7.513247] random: systemd-udevd: uninitialized urandom read (16 bytes read, 4 bits of entropy available)
[    7.535570] random: systemd-udevd: uninitialized urandom read (16 bytes read, 4 bits of entropy available)
[    7.543992] random: systemd-udevd: uninitialized urandom read (16 bytes read, 4 bits of entropy available)
[    7.557765] random: systemd-udevd: uninitialized urandom read (16 bytes read, 4 bits of entropy available)
[    9.478249] input: ImExPS/2 Generic Explorer Mouse as /devices/platform/i8042/serio1/input/input4
[    9.479140] e1000: Intel(R) PRO/1000 Network Driver - version 7.3.21-k8-NAPI
[    9.479140] e1000: Copyright (c) 1999-2006 Intel Corporation.
[    9.733855] Fusion MPT base driver 3.04.20
[    9.741467] Copyright (c) 1999-2008 LSI Corporation
[   10.368997] Fusion MPT SPI Host driver 3.04.20
[   10.850326] e1000 0000:00:03.0 eth0: (PCI:33MHz:32-bit) 02:8b:bc:1c:8c:d0
[   10.855882] e1000 0000:00:03.0 eth0: Intel(R) PRO/1000 Network Connection
[   10.871831] mptbase: ioc0: Initiating bringup
[   10.900389] e1000 0000:00:03.0 enp0s3: renamed from eth0
[   10.962710] ioc0: LSI53C1030 A0: Capabilities={Initiator}
[   11.175635] scsi host2: ioc0: LSI53C1030 A0, FwRev=00000000h, Ports=1, MaxQ=256, IRQ=20
[   11.304245] scsi 2:0:0:0: Direct-Access     VBOX     HARDDISK         1.0  PQ: 0 ANSI: 5
[   11.320183] scsi target2:0:0: Beginning Domain Validation
[   11.335667] scsi target2:0:0: Domain Validation skipping write tests
[   11.355825] scsi target2:0:0: Ending Domain Validation
[   11.385394] scsi target2:0:0: asynchronous
[   11.413238] scsi 2:0:1:0: Direct-Access     VBOX     HARDDISK         1.0  PQ: 0 ANSI: 5
[   11.425019] scsi target2:0:1: Beginning Domain Validation
[   11.436144] scsi target2:0:1: Domain Validation skipping write tests
[   11.451724] scsi target2:0:1: Ending Domain Validation
[   11.463854] scsi target2:0:1: asynchronous
[   11.526463] sd 2:0:0:0: Attached scsi generic sg0 type 0
[   11.561805] sd 2:0:0:0: [sda] 20971520 512-byte logical blocks: (10.7 GB/10.0 GiB)
[   11.596570] sd 2:0:1:0: [sdb] 20480 512-byte logical blocks: (10.5 MB/10.0 MiB)
[   11.611067] sd 2:0:1:0: Attached scsi generic sg1 type 0
[   11.623819] sd 2:0:0:0: [sda] Write Protect is off
[   11.626000] sd 2:0:1:0: [sdb] Write Protect is off
[   11.626945] sd 2:0:1:0: [sdb] Incomplete mode parameter data
[   11.626956] sd 2:0:1:0: [sdb] Assuming drive cache: write through
[   11.689880] sd 2:0:1:0: [sdb] Attached SCSI disk
[   11.812817] sd 2:0:0:0: [sda] Incomplete mode parameter data
[   11.821250] sd 2:0:0:0: [sda] Assuming drive cache: write through
[   11.847691]  sda: sda1
[   11.868147] sd 2:0:0:0: [sda] Attached SCSI disk
Begin: Loading e[   17.380948] md: linear personality registered for level -1
ssential drivers ... [   17.498306] md: multipath personality registered for level -4
[   17.567759] md: raid0 personality registered for level 0
[   17.619975] md: raid1 personality registered for level 1
[   17.763012] raid6: sse2x1   gen()  3430 MB/s
[   17.842938] raid6: sse2x1   xor()  3557 MB/s
[   17.914948] raid6: sse2x2   gen()  3897 MB/s
[   17.986921] raid6: sse2x2   xor()  4440 MB/s
[   18.058905] raid6: sse2x4   gen()  6852 MB/s
[   18.126933] raid6: sse2x4   xor()  4374 MB/s
[   18.130795] raid6: using algorithm sse2x4 gen() 6852 MB/s
[   18.135649] raid6: .... xor() 4374 MB/s, rmw enabled
[   18.140744] raid6: using ssse3x2 recovery algorithm
[   18.158641] xor: measuring software checksum speed
[   18.230845]    prefetch64-sse: 22698.000 MB/sec
[   18.274959]    generic_sse:  9426.000 MB/sec
[   18.278678] xor: using function: prefetch64-sse (22698.000 MB/sec)
[   18.304181] async_tx: api initialized (async)
[   18.630663] md: raid6 personality registered for level 6
[   18.646993] md: raid5 personality registered for level 5
[   18.655975] md: raid4 personality registered for level 4
[   18.965476] md: raid10 personality registered for level 10
done.
Begin: Running /scripts/init-premount ... done.
Begin: Mounting root file system ... Begin: Running /scripts/local-top ... done.
Begin: Running /scripts/local-premount ... [   19.415890] Btrfs loaded
Scanning for Btrfs filesystems
[   19.801845] random: nonblocking pool is initialized
done.
Warning: fsck not present, so skipping root file system
[   20.512771] EXT4-fs (sda1): mounted filesystem with ordered data mode. Opts: (null)
done.
Begin: Running /scripts/local-bottom ... done.
Begin: Running /scripts/init-bottom ... done.
[   22.681100] systemd[1]: systemd 229 running in system mode. (+PAM +AUDIT +SELINUX +IMA +APPARMOR +SMACK +SYSVINIT +UTMP +LIBCRYPTSETUP +GCRYPT +GNUTLS +ACL +XZ -LZ4 +SECCOMP +BLKID +ELFUTILS +KMOD -IDN)
[   22.704828] systemd[1]: Detected virtualization oracle.
[   22.710405] systemd[1]: Detected architecture x86-64.

Welcome to [1mUbuntu 16.04.4 LTS[0m!

[   22.786260] systemd[1]: Set hostname to <ubuntu>.
[   22.839905] systemd[1]: Initializing machine ID from random generator.
[   22.851558] systemd[1]: Installed transient /etc/machine-id file.
[   24.743713] systemd[1]: Listening on Device-mapper event daemon FIFOs.
[[0;32m  OK  [0m] Listening on Device-mapper event daemon FIFOs.
[   24.792974] systemd[1]: Listening on Journal Socket.
[[0;32m  OK  [0m] Listening on Journal Socket.
[   24.820165] systemd[1]: Created slice User and Session Slice.
[[0;32m  OK  [0m] Created slice User and Session Slice.
[   24.859290] systemd[1]: Started Forward Password Requests to Wall Directory Watch.
[[0;32m  OK  [0m] Started Forward Password Requests to Wall Directory Watch.
[   24.873753] systemd[1]: Reached target Encrypted Volumes.
[[0;32m  OK  [0m] Reached target Encrypted Volumes.
[   24.884456] systemd[1]: Reached target System Time Synchronized.
[[0;32m  OK  [0m] Reached target System Time Synchronized.
[   24.896396] systemd[1]: Listening on Journal Socket (/dev/log).
[[0;32m  OK  [0m] Listening on Journal Socket (/dev/log).
[   24.909679] systemd[1]: Listening on udev Control Socket.
[[0;32m  OK  [0m] Listening on udev Control Socket.
[   24.923471] systemd[1]: Set up automount Arbitrary Executable File Formats File System Automount Point.
[[0;32m  OK  [0m] Set up automount Arbitrary Executab...ats File System Automount Point.
[   24.940915] systemd[1]: Listening on Syslog Socket.
[[0;32m  OK  [0m] Listening on Syslog Socket.
[   24.953518] systemd[1]: Listening on udev Kernel Socket.
[[0;32m  OK  [0m] Listening on udev Kernel Socket.
[   24.964393] systemd[1]: Listening on Journal Audit Socket.
[[0;32m  OK  [0m] Listening on Journal Audit Socket.
[   24.973999] systemd[1]: Listening on /dev/initctl Compatibility Named Pipe.
[[0;32m  OK  [0m] Listening on /dev/initctl Compatibility Named Pipe.
[   25.021830] systemd[1]: Created slice System Slice.
[[0;32m  OK  [0m] Created slice System Slice.
[   25.087863] systemd[1]: Starting Set console keymap...
         Starting Set console keymap...
[   25.189639] systemd[1]: Starting Journal Service...
         Starting Journal Service...
[   25.292857] systemd[1]: Mounting POSIX Message Queue File System...
         Mounting POSIX Message Queue File System...
[   25.746898] systemd[1]: Starting Load Kernel Modules...
         Starting Load Kernel Modules...
[   25.820115] systemd[1]: Starting Remount Root and Kernel File Systems...
         Starting Remount Root and Kernel File Systems...
[   25.869617] systemd[1]: Created slice system-serial\x2dgetty.slice.
[[0;32m  OK  [0m] Created slice[   25.900913] Loading iSCSI transport class v2.0-870.
 system-serial\x2dgetty.slice.
[   25.943788] EXT4-fs (sda1): re-mounted. Opts: (null)
[   26.014058] systemd[1]: Mounting Debug File System...
         Mounting Debug File System...
[   26.216449] iscsi: registered transport (tcp)
[   26.220138] systemd[1]: Mounting Huge Pages File System...
         Mounting Huge Pages File System...
[   26.315215] systemd[1]: Starting Create list of required static device nodes for the current kernel...
         Starting Create list of required st... nodes for the current kernel...
[   26.353427] systemd[1]: Reached target Slices.
[[0;32m  OK  [0m] Reached target Slices.
[   26.450152] systemd[1]: Starting Uncomplicated firewall...
         Starting Uncomplicated firewall...
[   26.475364] systemd[1]: Reached target Swap.
[[0;32m  OK  [0m] Reached target Swap.
[   26.520371] systemd[1]: Listening on LVM2 metadata daemon socket.
[[0;32m  OK  [0m] Listening on LVM2 metadata daemon socket.
[   26.590101] iscsi: registered transport (iser)
[   26.606629] systemd[1]: Starting Monitoring of LVM2 mirrors, snapshots etc. using dmeventd or progress polling...
         Starting Monitoring of LVM2 mirrors... dmeventd or progress polling...
[   26.681401] systemd[1]: Started Trigger resolvconf update for networkd DNS.
[[0;32m  OK  [0m] Started Trigger resolvconf update for networkd DNS.
[   26.703709] systemd[1]: Listening on LVM2 poll daemon socket.
[[0;32m  OK  [0m] Listening on LVM2 poll daemon socket.
[   26.728326] systemd[1]: Reached target User and Group Name Lookups.
[[0;32m  OK  [0m] Reached target User and Group Name Lookups.
[   26.797259] systemd[1]: Starting Nameserver information manager...
         Starting Nameserver information manager...
[   26.947977] systemd[1]: Mounted Huge Pages File System.
[[0;32m  OK  [0m] Mounted Huge Pages File System.
[   26.997418] systemd[1]: Mounted Debug File System.
[[0;32m  OK  [0m] Mounted Debug File System.
[   27.015943] systemd[1]: Mounted POSIX Message Queue File System.
[[0;32m  OK  [0m] Mounted POSIX Message Queue File System.
[   27.032239] systemd[1]: Started Journal Service.
[[0;32m  OK  [0m] Started Journal Service.
[[0;32m  OK  [0m] Started Set console keymap.
[[0;32m  OK  [0m] Started Load Kernel Modules.
[[0;32m  OK  [0m] Started Remount Root and Kernel File Systems.
[[0;32m  OK  [0m] Started Create list of required sta...ce nodes for the current kernel.
[[0;32m  OK  [0m] Started Uncomplicated firewall.
[[0;32m  OK  [0m] Started Nameserver information manager.
[[0;32m  OK  [0m] Started LVM2 metadata daemon.
         Starting Create Static Device Nodes in /dev...
         Starting udev Coldplug all Devices...
         Starting Load/Save Random Seed...
         Mounting FUSE Control File System...
         Starting Apply Kernel Variables...
         Starting Flush Journal to Persistent Storage...
[[0;32m  OK  [0m] Started Create Static Device Nodes in /dev.
[[0;32m  OK  [0m] Started Load/Save Random Seed.
[[0;32m  OK  [0m] Mounted FUSE Control File System.
[[0;32m  OK  [0m] Started Apply Kernel Variables.
         Starting udev Kernel Device Manager...
[[0;32m  OK  [0m] Started Monitoring of LVM2 mirrors,...ng dmeventd or progress polling.
[[0;32m  OK  [0m] Started Flush Journal to Persistent Storage.
[[0;32m  OK  [0m] Started udev Kernel Device Manager.
[[0;32m  OK  [0m] Reached target Local File Systems (Pre).
[[0;32m  OK  [0m] Reached target Local File Systems.
         Starting Initial cloud-init job (pre-networking)...
         Starting Create Volatile Files and Directories...
         Starting LSB: AppArmor initialization...
         Starting Commit a transient machine-id on disk...
         Starting Tell Plymouth To Write Out Runtime Data...
         Starting Set console font and keymap...
[[0;32m  OK  [0m] Started Commit a transient machine-id on disk.
[[0;32m  OK  [0m] Started Tell Plymouth To Write Out Runtime Data.
[[0;32m  OK  [0m] Started Create Volatile Files and Directories.
         Starting Update UTMP about System Boot/Shutdown...
[[0;32m  OK  [0m] Started Update UTMP about System Boot/Shutdown.
[[0;32m  OK  [0m] Started udev Coldplug all Devices.
[[0;32m  OK  [0m] Started Dispatch Password Requests to Console Directory Watch.
[[0;32m  OK  [0m] Found device /dev/ttyS0.
[[0;32m  OK  [0m] Started LSB: AppArmor initialization.
[[0;32m  OK  [0m] Listening on Load/Save RF Kill Switch Status /dev/rfkill Watch.
[   41.333763] cloud-init[465]: Cloud-init v. 18.2 running 'init-local' at Fri, 01 Jun 2018 06:43:52 +0000. Up 36.27 seconds.
[[0;32m  OK  [0m] Started Initial cloud-init job (pre-networking).
[[0;32m  OK  [0m] Reached target Network (Pre).
         Starting Raise network interfaces...
[[0;32m  OK  [0m] Started Set console font and keymap.
[[0;32m  OK  [0m] Created slice system-getty.slice.
[[0;32m  OK  [0m] Started Raise network interfaces.
         Starting Initial cloud-init job (metadata service crawler)...
[[0;32m  OK  [0m] Reached target Network.
[   59.481980] cloud-init[924]: Cloud-init v. 18.2 running 'init' at Fri, 01 Jun 2018 06:44:05 +0000. Up 49.60 seconds.
[   59.556441] cloud-init[924]: ci-info: +++++++++++++++++++++++++++++++++++++Net device info++++++++++++++++++++++++++++++++++++++
[   59.599965] cloud-init[924]: ci-info: +--------+------+----------------------------+---------------+-------+-------------------+
[   59.714639] cloud-init[924]: ci-info: | Device |  Up  |          Address           |      Mask     | Scope |     Hw-Address    |
[   59.742565] cloud-init[924]: ci-info: +--------+------+----------------------------+---------------+-------+-------------------+
[   59.862553] cloud-init[924]: ci-info: | enp0s3 | True |         10.0.2.15          | 255.255.255.0 |   .   | 02:8b:bc:1c:8c:d0 |
[   59.898741] cloud-init[924]: ci-info: | enp0s3 | True | fe80::8b:bcff:fe1c:8cd0/64 |       .       |  link | 02:8b:bc:1c:8c:d0 |
[   60.016116] cloud-init[924]: ci-info: |   lo   | True |         127.0.0.1          |   255.0.0.0   |   .   |         .         |
[   60.047875] cloud-init[924]: ci-info: |   lo   | True |          ::1/128           |       .       |  host |         .         |
[   60.129503] cloud-init[924]: ci-info: +--------+------+----------------------------+---------------+-------+-------------------+
[   60.154539] cloud-init[924]: ci-info: +++++++++++++++++++++++++++Route IPv4 info++++++++++++++++++++++++++++
[[0;32m  OK  [0m] Started Initial cloud-init job (metadata service crawler).
[   60.238107] cloud-init[924]: ci-info: +-------+-------------+----------+---------------+-----------+-------+
[   60.290986] [[0;32m  OK  [0m] Reached target Network is Online.
cloud-init[924]: ci-info: | Route | Destination | Gateway  |    Genmask    | Interface | Flags |
         Starting iSCSI initiator daemon (iscsid)...
[   60.359025] cloud-init[924]: ci-info: +-------+-------------+----------+---------------+-----------+-------+[[0;32m  OK  [0m] Reached target System Initialization.
[[0;32m  OK  [0m] Started Daily Cleanup of Temporary Directories.
[[0;32m  OK  [0m] Listening on UUID daemon activation socket.

         Starting Socket activation for snappy daemon.
[   60.504881] cloud-init[924]:          Starting LXD - unix socket.
[[0;32m  OK  [0m] Started Daily apt download activities.
[[0;32m  OK  [0m] Started Daily apt upgrade and clean activities.
[[0;32m  OK  [0m] Reached target Timers.
ci-info: |   0   |   0.0.0.0   | 10.0.2.2 |    0.0.0.0    |   enp0s3  |   UG  |
[   60.582935] cloud-init[924]: ci-info: |   1   |   10.0.2.0  | 0.0.0.0  | 255.255.255.0 |   enp0s3  |   U   |
[[0;32m  OK  [0m] Started ACPI Events Check.
[[0;32m  OK  [0m] Reached target Paths.
[[0;32m  OK  [0m] Listening on D-Bus System Message Bus Socket.
[[0;32m  OK  [0m] Listening on ACPID Listen Socket.
[[0;32m  OK  [0m] Reached target Cloud-config availability.
[[0;32m  OK  [0m] Listening on Socket activation for snappy daemon.
[[0;32m  OK  [0m] Listening on LXD - unix socket.
[   60.648134] cloud-init[924]: ci-info: +-------+-------------+----------+---------------+-----------+-------+[[0;32m  OK  [0m] Reached target Sockets.
[[0;32m  OK  [0m] Reached target Basic System.

[   60.689869] cloud-init[924]: Generating public/private rsa key pair.
[   60.725504] cloud-init[924]: Your identification has been saved in /etc/ssh/ssh_host_rsa_key.
[   60.754745] cloud-init[924]: Your public key has been saved in /etc/ssh/ssh_host_rsa_key.pub.
[   60.810052] cloud-init[924]: The key fingerprint is:
         Starting Apply the settings specified in cloud-config...
[   60.834720] cloud-init[924]: SHA256:xpXis+9o4PLcBSTqAi8uLxPnVPqxMnu7CK2Bmnn9Iv0 root@ubuntu-xenial
[   60.895821] cloud-init[924]: The key's randomart image is:
[   60.917290] cloud-init[924]: +---[RSA 2048]----+
[   60.926320] cloud-init[924]: |                 |
[   60.934202] cloud-init[924]: |           .     |
[   60.949067] [[0;32m  OK  [0m] Started Deferred execution scheduler.
cloud-init[924]: |      . o o      |
[[0;32m  OK  [0m] Started Regular background program processing daemon.
[[0;32m  OK  [0m] Started Unattended Upgrades Shutdown.
[   61.039916] cloud-init[924]: |    .. = o       |
[   61.150583] cloud-init[924]: |.  o.   S        |
[   61.204943] cloud-init[924]: |o++.. .. +       |
[   61.238448] cloud-init[924]: |==++.+ .. .      |
         Starting Virtualbox guest utils...
[   61.255453] cloud-init[924]: |*B*oO....+       |
[   61.276885] cloud-init[924]: |**+*oOE.o.o      |
[   61.286589] cloud-init[924]: +----[SHA256]-----+
[   61.327839] cloud-init[924]: Generating public/private dsa key pair.
[   61.338628] cloud-init[924]: Your identification has been saved in /etc/ssh/ssh_host_dsa_key.
         Starting LXD - container startup/shutdown...[   61.355593] cloud-init[924]: Your public key has been saved in /etc/ssh/ssh_host_dsa_key.pub.

         Starting LSB: Record successful boot for GRUB...
[   61.654698] cloud-init[924]: The key fingerprint is:
[   61.687646] cloud-init[924]: SHA256:ByGK9D12ae7zx3vJipw8uxKJDDjQ5HqviFbzK7ZA4VU root@ubuntu-xenial
[   61.719552] cloud-init[924]: The key's randomart image is:
         Starting /etc/rc.local Compatibility...
[   61.733414] cloud-init[924]: +---[DSA 1024]----+
         Starting Accounts Service...
[   62.022728] cloud-init[924]: | oo  E. .        |
[   62.193994] cloud-init[924]: |.o.o.o . o       |
[[0;32m  OK  [0m[   62.246209] cloud-init[924]: | oooo + =        |
] Started D-Bus System Message Bus.
[   62.264722] cloud-init[924]: |..= .. = .       |
[   62.340829] cloud-init[924]: |.o.. o .S..      |
[   62.382376] cloud-init[924]: |.. +  o.o.       |
[   62.419451] cloud-init[924]: | .. +   o. . . . |
[   62.469817] cloud-init[924]: |.o.+ .  .=.oo +  |
[   62.521671] cloud-init[924]: |+ o.o..  .O=o+   |
[   62.588858] cloud-init[924]: +----[SHA256]-----+
[   62.618204] cloud-init[924]: Generating public/private ecdsa key pair.
[   62.639991] cloud-init[924]: Your identification has been saved in /etc/ssh/ssh_host_ecdsa_key.
[   62.652343] cloud-init[924]: Your public key has been saved in /etc/ssh/ssh_host_ecdsa_key.pub.
[   62.706266] cloud-init[924]: The key fingerprint is:
[   62.839461] cloud-init[924]: SHA256:XRYuTve0uhv+w6UTc9S1CXoyxWh5mA9D+QhZ18oxSuM root@ubuntu-xenial
[   62.885651] cloud-init[924]: The key's randomart image is:
[   62.910226] cloud-init[924]: +---[ECDSA 256]---+
[   62.961641] cloud-init[924]: |          +oO..  |
[   62.985296] cloud-init[924]: |         o &.O ..|
[   63.064340] cloud-init[924]: |          B ^ * =|
[   63.202912] cloud-init[924]: |         + E O +o|
[   63.335582] cloud-init[924]: |        S o + o. |
[   63.424271] [cloud-init[0;32m  OK  [0m[924]: ] |             .o o|Started FUSE filesystem for LXC.

[   63.426678] cloud-init[924]: |            o. * |
[   63.511410] cloud-init[924]: |           . o=  |
[   63.555556] cloud-init[924]: |            +o.o |
         Starting Pollinate to seed the pseudo random number generator...
[   63.569016] cloud-init[924]: +----[SHA256]-----+
[   63.816849] cloud-init[924]: Generating public/private ed25519 key pair.
         Starting LSB: MD monitoring daemon...
[   63.834409] cloud-init[924]: Your identification has been saved in /etc/ssh/ssh_host_ed25519_key.
[   64.075916] cloud-init[924]: Your public key has been saved in /etc/ssh/ssh_host_ed25519_key.pub.
[   64.114148] cloud-init[924]: The key fingerprint is:
[   64.135081] cloud-init[924]: SHA256:ZupMNC0kJur4ZBsBtlc2xdfkhg+V7dBoD5eYsO4l+Dk root@ubuntu-xenial
[[0;32m  OK  [0m] Started ACPI event daemon.
[   64.187375] cloud-init[924]: The key's randomart image is:
[   64.230921] cloud-init[924]: +--[ED25519 256]--+
[   64.255896] cloud-init[924]: |      .. .+oB .  |
[   64.265831]          Starting Login Service...
cloud-init[924]: |      .. .=X =   |
[   64.304802] cloud-init[924]: |... o+. .+.o*    |
         Starting System Logging Service...
[   64.466778] cloud-init[924]: |.o.ooo..o +  o   |
[   64.525045] cloud-init[924]: |....  +.So o     |
[   64.560243] cloud-init[924]: |o .. . *o +      |
[   64.614454] cloud-init[924]: |..+   o  E       |
[   64.615929] cloud-init[924]: | + o +    .      |
         Starting Snappy daemon...
[   64.630086] cloud-init[924]: |  o   o          |
[   64.838117] cloud-init[924]: +----[SHA256]-----+
[[0;32m  OK  [0m] Started LXD - container startup/shutdown.
[[0;32m  OK  [0m] Started /etc/rc.local Compatibility.
[[0;32m  OK  [0m] Started System Logging Service.
[[0;32m  OK  [0m] Started iSCSI initiator daemon (iscsid).
         Starting Authenticate and Authorize Users to Run Privileged Tasks...
         Starting Login to default iSCSI targets...
[[0;32m  OK  [0m] Started Login Service.
[[0;32m  OK  [0m] Started LSB: Record successful boot for GRUB.
[[0;32m  OK  [0m] Started Login to default iSCSI targets.
[[0;32m  OK  [0m] Reached target Remote File Systems (Pre).
[[0;32m  OK  [0m] Reached target Remote File Systems.
         Starting Permit User Sessions...
         Starting LSB: daemon to balance interrupts for SMP systems...
         Starting LSB: automatic crash report generation...
         Starting LSB: Set the CPU Frequency Scaling governor to "ondemand"...
[[0;32m  OK  [0m] Started LSB: MD monitoring daemon.
[[0;32m  OK  [0m] Started Authenticate and Authorize Users to Run Privileged Tasks.
[[0;32m  OK  [0m] Started Permit User Sessions.
         Starting Terminate Plymouth Boot Screen...
         Starting Hold until boot process finishes up...
[[0;32m  OK  [0m] Started Accounts Service.
[[0;32m  OK  [0m] Started Hold until boot process finishes up.
[[0;32m  OK  [0m] Started Terminate Plymouth Boot Screen.
[[0;32m  OK  [0m] Started Getty on tty1.
         Starting Set console scheme...
[[0;32m  OK  [0m] Started Serial Getty on ttyS0.
[[0;32m  OK  [0m] Reached target Login Prompts.
[[0;32m  OK  [0m] Started Set console scheme.
[[0;32m  OK  [0m] Started LSB: Set the CPU Frequency Scaling governor to "ondemand".
[[0;32m  OK  [0m] Started LSB: daemon to balance interrupts for SMP systems.
[[0;32m  OK  [0m] Started Snappy daemon.
[[0;32m  OK  [0m] Started Virtualbox guest utils.
[[0;32m  OK  [0m] Started LSB: automatic crash report generation.
[   75.326843] cloud-init[1017]: Generating locales (this might take a while)...

Ubuntu 16.04.4 LTS ubuntu-xenial ttyS0

ubuntu-xenial login: [   82.421582] cloud-init[1017]:   en_US.UTF-8... done
[   82.449475] cloud-init[1017]: Generation complete.
[   86.781850] cloud-init[1017]: Cloud-init v. 18.2 running 'modules:config' at Fri, 01 Jun 2018 06:44:29 +0000. Up 73.58 seconds.
ci-info: no authorized ssh keys fingerprints found for user ubuntu.
<14>Jun  1 06:44:46 ec2: 
<14>Jun  1 06:44:46 ec2: #############################################################
<14>Jun  1 06:44:46 ec2: -----BEGIN SSH HOST KEY FINGERPRINTS-----
<14>Jun  1 06:44:46 ec2: 1024 SHA256:ByGK9D12ae7zx3vJipw8uxKJDDjQ5HqviFbzK7ZA4VU root@ubuntu-xenial (DSA)
<14>Jun  1 06:44:46 ec2: 256 SHA256:XRYuTve0uhv+w6UTc9S1CXoyxWh5mA9D+QhZ18oxSuM root@ubuntu-xenial (ECDSA)
<14>Jun  1 06:44:46 ec2: 256 SHA256:ZupMNC0kJur4ZBsBtlc2xdfkhg+V7dBoD5eYsO4l+Dk root@ubuntu-xenial (ED25519)
<14>Jun  1 06:44:46 ec2: 2048 SHA256:xpXis+9o4PLcBSTqAi8uLxPnVPqxMnu7CK2Bmnn9Iv0 root@ubuntu-xenial (RSA)
<14>Jun  1 06:44:46 ec2: -----END SSH HOST KEY FINGERPRINTS-----
<14>Jun  1 06:44:46 ec2: #############################################################
-----BEGIN SSH HOST KEY KEYS-----
ecdsa-sha2-nistp256 AAAAE2VjZHNhLXNoYTItbmlzdHAyNTYAAAAIbmlzdHAyNTYAAABBBEzmcqguLqw/87cYOsL5SudDHcBNrVGwM50eNY2TkZKwLVOCsGr+LDxVNys4NfC4gsziq3cE6+AKdozBPRU7mxE= root@ubuntu-xenial
ssh-ed25519 AAAAC3NzaC1lZDI1NTE5AAAAILLFKEIflO81/RcgLdHhTgPbLiOhsaLbtOk10vTjQOBO root@ubuntu-xenial
ssh-rsa AAAAB3NzaC1yc2EAAAADAQABAAABAQDKLd0Dib6cPLJGmCEheqJUWRf79gOEVz1nSncaoinXI5BWjj0UgdX7k51/36dm1znMpzWUeLaCCiLHEfN0EIME0efLtv3zN9NwZxIEjfQMiRLZtQY9NBhMy8cCRu1nFJzF7KZZpdmqRIfNRrnQ7IED2rznJDvQjK/HqjvGvsbZ89IcZmdZnOad4Dssj1pYMIDqis7rY/+THD0s+sTZ5n5KAhWPhPSm74nKzoMq2QoHr/YDHfuJd4n7nbe4kKOAl6m6KQyV1zBnsuO9F3d0hAgMfqx22qXwNfCoZJvBedlfEB7vxMTwh2y7ECciF1TfoAInvZjlce1CiS2j1CLx/u93 root@ubuntu-xenial
-----END SSH HOST KEY KEYS-----
[   90.844430] cloud-init[1416]: Cloud-init v. 18.2 running 'modules:final' at Fri, 01 Jun 2018 06:44:44 +0000. Up 89.17 seconds.
[   90.847727] cloud-init[1416]: ci-info: no authorized ssh keys fingerprints found for user ubuntu.
[   90.863649] cloud-init[1416]: Cloud-init v. 18.2 finished at Fri, 01 Jun 2018 06:44:46 +0000. Datasource DataSourceNoCloud [seed=/dev/sdb][dsmode=net].  Up 90.76 seconds
